2023-01-21 08:39:53,205:DEBUG:selector_events:selector_events.py:54:Using selector: EpollSelector
2023-01-21 08:39:53,212:DEBUG:base_functions:base_functions.py:61:We are running version 3.6.48 of Cyberdrop Downloader
2023-01-21 08:39:53,212:DEBUG:main:main.py:73:Creating Config
2023-01-21 08:39:53,212:DEBUG:base_functions:base_functions.py:142:Validating Config
2023-01-21 08:39:53,218:DEBUG:base_functions:base_functions.py:61:Getting Run Args
2023-01-21 08:39:53,224:DEBUG:base_functions:base_functions.py:205:Gathering Args
2023-01-21 08:39:53,224:DEBUG:main:main.py:97:Starting Cyberdrop-DL
2023-01-21 08:39:53,224:DEBUG:main:main.py:98:Using authorization arguments: {'pixeldrain_api_key': '!REDACTED!', 'simpcity_username': None, 'simpcity_password': '!REDACTED!', 'socialmediagirls_username': None, 'socialmediagirls_password': '!REDACTED!', 'xbunker_username': None, 'xbunker_password': '!REDACTED!'}
2023-01-21 08:39:53,224:DEBUG:main:main.py:99:Using file arguments: {'input_file': PosixPath('/home/greydon/pv/GitHub/CyberDropDownloader/01-18-2023_urls.txt'), 'output_folder': PosixPath('/home/greydon/pv/GitHub/CyberDropDownloader/Download'), 'output_last_forum_post_file': PosixPath('URLs_last_post.txt'), 'db_file': PosixPath('download_history.sqlite')}
2023-01-21 08:39:53,224:DEBUG:main:main.py:100:Using jdownloader arguments: {'jdownloader_enable': False, 'jdownloader_username': None, 'jdownloader_password': '!REDACTED!', 'jdownloader_device': None}
2023-01-21 08:39:53,224:DEBUG:main:main.py:101:Using runtime arguments: {'threads': 0, 'attempts': 10, 'required_free_space': 5, 'disable_attempt_limit': False, 'connection_timeout': 15, 'ratelimit': 50, 'throttle': 0.5, 'include_id': False, 'exclude_videos': False, 'exclude_images': False, 'exclude_audio': False, 'exclude_other': False, 'ignore_history': False, 'output_last_forum_post': False, 'separate_posts': False, 'mark_downloaded': False, 'proxy': None, 'skip_hosts': []}
2023-01-21 08:39:53,320:DEBUG:base_functions:base_functions.py:61:Starting Scrape
2023-01-21 08:39:53,321:DEBUG:base_functions:base_functions.py:61:Starting scrape of https://bunkr.ru/a/6vYscm0j
2023-01-21 08:39:53,321:DEBUG:base_functions:base_functions.py:61:Starting scrape of https://bunkr.ru/a/1IHzbe5I
2023-01-21 08:40:00,484:DEBUG:base_functions:base_functions.py:61:Finished scrape of https://bunkr.ru/a/6vYscm0j
2023-01-21 08:40:00,517:DEBUG:base_functions:base_functions.py:61:Finished scrape of https://bunkr.ru/a/1IHzbe5I
2023-01-21 08:40:00,525:DEBUG:downloaders:downloaders.py:315:Working on https://media-files8.bunkr.ru/miamaxxx-2022-12-05-12_31-miamaxxx.mp4_000-1GM9litU.mp4
2023-01-21 08:40:00,526:DEBUG:downloaders:downloaders.py:315:Working on https://media-files10.bunkr.ru/miamaxxx_2022-09-12-10_42-ZQD5gZB6.mp4
2023-01-21 08:40:00,526:DEBUG:downloaders:downloaders.py:315:Working on https://media-files8.bunkr.ru/miamaxxx-2022-12-05-12_31-miamaxxx.mp4_001-m54ZDDWD.mp4
2023-01-21 08:40:00,526:DEBUG:downloaders:downloaders.py:315:Working on https://media-files9.bunkr.ru/miamaxxx-2022-12-06-12_18-miamaxxx-U5IsFrHV.mp4
2023-01-21 08:40:00,527:DEBUG:downloaders:downloaders.py:315:Working on https://media-files9.bunkr.ru/miamaxxx-2022-11-11-12_53-miamaxxx-nbY46lsF.mp4
2023-01-21 08:40:00,527:DEBUG:downloaders:downloaders.py:315:Working on https://media-files4.bunkr.ru/miamaxxx-2022-12-08-12_13-miamaxxx-hfmkd721.mp4
2023-01-21 08:40:00,527:DEBUG:downloaders:downloaders.py:315:Working on https://media-files4.bunkr.ru/miamaxxx-2022-12-08-12_46-miamaxxx-MDm9nPAc.mp4
2023-01-21 08:40:00,527:DEBUG:downloaders:downloaders.py:315:Working on https://media-files9.bunkr.ru/miamaxxx-2022-11-16-12_49-miamaxxx-eePn1Dg8.mp4
2023-01-21 08:40:00,527:DEBUG:downloaders:downloaders.py:315:Working on https://media-files9.bunkr.ru/miamaxxx-2022-11-16-12_17-miamaxxx-OfaN7k6A.mp4
2023-01-21 08:40:00,528:DEBUG:downloaders:downloaders.py:315:Working on https://media-files10.bunkr.ru/miamaxxx_2022-07-23-10_31-nBkIV35f.mp4
2023-01-21 08:40:00,528:DEBUG:downloaders:downloaders.py:315:Working on https://media-files9.bunkr.ru/miamaxxx-2022-11-16-13_10-miamaxxx-lNC3dewE.mp4
2023-01-21 08:40:00,528:DEBUG:downloaders:downloaders.py:315:Working on https://media-files10.bunkr.ru/miamaxxx_2022-07-26-11_08-yMtFpYX7.mp4
2023-01-21 08:40:00,528:DEBUG:downloaders:downloaders.py:315:Working on https://media-files8.bunkr.ru/miamaxxx-2022-11-17-11_47-miamaxxx-XCx9Gb8y.mp4
2023-01-21 08:40:00,528:DEBUG:downloaders:downloaders.py:315:Working on https://media-files10.bunkr.ru/miamaxxx_2022-08-01-11_50-cq30uO0A.mp4
2023-01-21 08:40:00,528:DEBUG:downloaders:downloaders.py:315:Working on https://media-files8.bunkr.ru/miamaxxx-2022-11-17-12_54-miamaxxx-sBUGNfZK.mp4
2023-01-21 08:40:00,529:DEBUG:downloaders:downloaders.py:315:Working on https://media-files4.bunkr.ru/miamaxxx-2022-11-11-12_12-miamaxxx-yPXbPAFI.mp4
2023-01-21 08:40:00,529:DEBUG:downloaders:downloaders.py:315:Working on https://media-files10.bunkr.ru/miamaxxx-2022-11-28-11_50-miamaxxx-B11I3vDd.mp4
2023-01-21 08:40:00,529:DEBUG:downloaders:downloaders.py:315:Working on https://media-files10.bunkr.ru/miamaxxx_2022-08-09-11_42-GunfHXb5.mp4
2023-01-21 08:40:00,529:DEBUG:downloaders:downloaders.py:315:Working on https://media-files10.bunkr.ru/miamaxxx-2022-11-28-13_02-miamaxxx-cFRj87h6.mp4
2023-01-21 08:40:00,529:DEBUG:downloaders:downloaders.py:315:Working on https://media-files10.bunkr.ru/miamaxxx_2022-07-29-10_36-AAZ6J8of.mp4
2023-01-21 08:40:00,529:DEBUG:downloaders:downloaders.py:315:Working on https://media-files10.bunkr.ru/miamaxxx_2022-07-15-10_36-z5QjUdx3.mp4
2023-01-21 08:40:00,530:DEBUG:downloaders:downloaders.py:315:Working on https://media-files4.bunkr.ru/miamaxxx-2022-11-29-12_22-miamaxxx-lniK4jEX.mp4
2023-01-21 08:40:00,530:DEBUG:downloaders:downloaders.py:315:Working on https://media-files10.bunkr.ru/miamaxxx_2022-07-27-10_24-TfBxAwk9.mp4
2023-01-21 08:40:00,530:DEBUG:downloaders:downloaders.py:315:Working on https://media-files4.bunkr.ru/miamaxxx-2022-11-29-18_12-miamaxxx-Di9NeaQ7.mp4
2023-01-21 08:40:00,530:DEBUG:downloaders:downloaders.py:315:Working on https://media-files4.bunkr.ru/miamaxxx-2022-11-29-18_36-miamaxxx-hSMDBwFB.mp4
2023-01-21 08:40:00,530:DEBUG:downloaders:downloaders.py:315:Working on https://media-files4.bunkr.ru/miamaxxx-2022-11-29-19_05-miamaxxx-HWUovo5l.mp4
2023-01-21 08:40:00,531:DEBUG:downloaders:downloaders.py:315:Working on https://media-files8.bunkr.ru/miamaxxx-2022-11-30-11_54-miamaxxx-V6TOGOxA.mp4
2023-01-21 08:40:00,531:DEBUG:downloaders:downloaders.py:315:Working on https://media-files10.bunkr.ru/miamaxxx_2022-09-29-10_15-jsGbvbwS.mp4
2023-01-21 08:40:00,531:DEBUG:downloaders:downloaders.py:315:Working on https://media-files9.bunkr.ru/miamaxxx-2022-12-01-12_02-miamaxxx-fKQo4dca.mp4
2023-01-21 08:45:01,720:DEBUG:downloaders:downloaders.py:39:Retrying (0) https://media-files8.bunkr.ru/miamaxxx-2022-12-05-12_31-miamaxxx.mp4_000-1GM9litU.mp4...
2023-01-21 08:45:01,750:DEBUG:downloaders:downloaders.py:39:Retrying (0) https://media-files10.bunkr.ru/miamaxxx_2022-09-12-10_42-ZQD5gZB6.mp4...
2023-01-21 08:49:02,572:DEBUG:downloaders:downloaders.py:222:Finished miamaxxx-2022-12-05-12_31-miamaxxx.mp4_001-m54ZDDWD.mp4
2023-01-21 08:50:02,718:DEBUG:downloaders:downloaders.py:39:Retrying (0) https://media-files9.bunkr.ru/miamaxxx-2022-12-06-12_18-miamaxxx-U5IsFrHV.mp4...
2023-01-21 08:53:25,404:DEBUG:downloaders:downloaders.py:222:Finished miamaxxx-2022-12-08-12_13-miamaxxx-hfmkd721.mp4
2023-01-21 08:54:02,719:DEBUG:downloaders:downloaders.py:39:Retrying (0) https://media-files9.bunkr.ru/miamaxxx-2022-11-11-12_53-miamaxxx-nbY46lsF.mp4...
2023-01-21 08:56:16,442:DEBUG:downloaders:downloaders.py:222:Finished miamaxxx-2022-11-16-12_49-miamaxxx-eePn1Dg8.mp4
2023-01-21 08:58:25,718:DEBUG:downloaders:downloaders.py:39:Retrying (0) https://media-files4.bunkr.ru/miamaxxx-2022-12-08-12_46-miamaxxx-MDm9nPAc.mp4...
2023-01-21 09:00:54,019:DEBUG:downloaders:downloaders.py:222:Finished miamaxxx_2022-07-23-10_31-nBkIV35f.mp4
2023-01-21 09:01:16,719:DEBUG:downloaders:downloaders.py:39:Retrying (0) https://media-files9.bunkr.ru/miamaxxx-2022-11-16-12_17-miamaxxx-OfaN7k6A.mp4...
2023-01-21 09:04:15,484:DEBUG:downloaders:downloaders.py:222:Finished miamaxxx-2022-11-16-13_10-miamaxxx-lNC3dewE.mp4
2023-01-21 09:04:50,011:DEBUG:downloaders:downloaders.py:222:Finished miamaxxx_2022-07-26-11_08-yMtFpYX7.mp4
2023-01-21 09:08:05,341:DEBUG:downloaders:downloaders.py:222:Finished miamaxxx_2022-08-01-11_50-cq30uO0A.mp4
2023-01-21 09:09:16,718:DEBUG:downloaders:downloaders.py:39:Retrying (0) https://media-files8.bunkr.ru/miamaxxx-2022-11-17-11_47-miamaxxx-XCx9Gb8y.mp4...
2023-01-21 09:13:05,720:DEBUG:downloaders:downloaders.py:39:Retrying (0) https://media-files8.bunkr.ru/miamaxxx-2022-11-17-12_54-miamaxxx-sBUGNfZK.mp4...
2023-01-21 09:14:17,719:DEBUG:downloaders:downloaders.py:39:Retrying (0) https://media-files4.bunkr.ru/miamaxxx-2022-11-11-12_12-miamaxxx-yPXbPAFI.mp4...
2023-01-21 09:18:06,720:DEBUG:downloaders:downloaders.py:39:Retrying (0) https://media-files10.bunkr.ru/miamaxxx-2022-11-28-11_50-miamaxxx-B11I3vDd.mp4...
2023-01-21 09:18:31,559:DEBUG:downloaders:downloaders.py:222:Finished miamaxxx_2022-08-09-11_42-GunfHXb5.mp4
2023-01-21 09:19:08,897:DEBUG:downloaders:downloaders.py:222:Finished miamaxxx-2022-11-28-13_02-miamaxxx-cFRj87h6.mp4
2023-01-21 09:21:12,890:DEBUG:downloaders:downloaders.py:222:Finished miamaxxx_2022-07-15-10_36-z5QjUdx3.mp4
2023-01-21 09:23:31,718:DEBUG:downloaders:downloaders.py:39:Retrying (0) https://media-files10.bunkr.ru/miamaxxx_2022-07-29-10_36-AAZ6J8of.mp4...
2023-01-21 09:25:21,086:DEBUG:downloaders:downloaders.py:222:Finished miamaxxx_2022-07-27-10_24-TfBxAwk9.mp4
2023-01-21 09:25:21,824:DEBUG:downloaders:downloaders.py:194:
https://media-files4.bunkr.ru/miamaxxx-2022-11-29-18_12-miamaxxx-Di9NeaQ7.mp4 (Too Many Requests)
2023-01-21 09:25:21,824:DEBUG:downloaders:downloaders.py:200:Error status code: 429
2023-01-21 09:25:21,824:DEBUG:downloaders:downloaders.py:39:Retrying (0) https://media-files4.bunkr.ru/miamaxxx-2022-11-29-18_12-miamaxxx-Di9NeaQ7.mp4...
2023-01-21 09:25:22,001:DEBUG:downloaders:downloaders.py:194:
https://media-files4.bunkr.ru/miamaxxx-2022-11-29-18_36-miamaxxx-hSMDBwFB.mp4 (Too Many Requests)
2023-01-21 09:25:22,002:DEBUG:downloaders:downloaders.py:200:Error status code: 429
2023-01-21 09:25:22,002:DEBUG:downloaders:downloaders.py:39:Retrying (0) https://media-files4.bunkr.ru/miamaxxx-2022-11-29-18_36-miamaxxx-hSMDBwFB.mp4...
2023-01-21 09:25:22,755:DEBUG:downloaders:downloaders.py:194:
https://media-files4.bunkr.ru/miamaxxx-2022-11-29-19_05-miamaxxx-HWUovo5l.mp4 (Too Many Requests)
2023-01-21 09:25:22,755:DEBUG:downloaders:downloaders.py:200:Error status code: 429
2023-01-21 09:25:22,755:DEBUG:downloaders:downloaders.py:39:Retrying (0) https://media-files4.bunkr.ru/miamaxxx-2022-11-29-19_05-miamaxxx-HWUovo5l.mp4...
2023-01-21 09:26:13,718:DEBUG:downloaders:downloaders.py:39:Retrying (0) https://media-files4.bunkr.ru/miamaxxx-2022-11-29-12_22-miamaxxx-lniK4jEX.mp4...
2023-01-21 09:30:23,719:DEBUG:downloaders:downloaders.py:39:Retrying (0) https://media-files8.bunkr.ru/miamaxxx-2022-11-30-11_54-miamaxxx-V6TOGOxA.mp4...
2023-01-21 09:31:14,721:DEBUG:downloaders:downloaders.py:39:Retrying (0) https://media-files10.bunkr.ru/miamaxxx_2022-09-29-10_15-jsGbvbwS.mp4...
2023-01-21 09:35:24,720:DEBUG:downloaders:downloaders.py:39:Retrying (0) https://media-files9.bunkr.ru/miamaxxx-2022-12-01-12_02-miamaxxx-fKQo4dca.mp4...
2023-01-21 09:35:58,423:DEBUG:downloaders:downloaders.py:222:Finished miamaxxx_2022-09-12-10_42-ZQD5gZB6.mp4
2023-01-21 09:36:15,719:DEBUG:downloaders:downloaders.py:39:Retrying (1) https://media-files8.bunkr.ru/miamaxxx-2022-12-05-12_31-miamaxxx.mp4_000-1GM9litU.mp4...
2023-01-21 09:37:10,979:DEBUG:downloaders:downloaders.py:222:Finished miamaxxx-2022-11-11-12_53-miamaxxx-nbY46lsF.mp4
2023-01-21 09:38:36,317:DEBUG:downloaders:downloaders.py:222:Finished miamaxxx-2022-12-08-12_46-miamaxxx-MDm9nPAc.mp4
2023-01-21 09:39:03,317:DEBUG:downloaders:downloaders.py:222:Finished miamaxxx-2022-11-16-12_17-miamaxxx-OfaN7k6A.mp4
2023-01-21 09:40:58,720:DEBUG:downloaders:downloaders.py:39:Retrying (1) https://media-files9.bunkr.ru/miamaxxx-2022-12-06-12_18-miamaxxx-U5IsFrHV.mp4...
2023-01-21 09:42:13,171:DEBUG:downloaders:downloaders.py:222:Finished miamaxxx-2022-11-17-12_54-miamaxxx-sBUGNfZK.mp4
2023-01-21 09:44:03,719:DEBUG:downloaders:downloaders.py:39:Retrying (1) https://media-files8.bunkr.ru/miamaxxx-2022-11-17-11_47-miamaxxx-XCx9Gb8y.mp4...
2023-01-21 09:44:04,242:DEBUG:downloaders:downloaders.py:222:Finished miamaxxx-2022-11-11-12_12-miamaxxx-yPXbPAFI.mp4
2023-01-21 09:46:23,291:DEBUG:downloaders:downloaders.py:222:Finished miamaxxx_2022-07-29-10_36-AAZ6J8of.mp4
2023-01-21 09:46:26,584:DEBUG:downloaders:downloaders.py:222:Finished miamaxxx-2022-11-28-11_50-miamaxxx-B11I3vDd.mp4
2023-01-21 09:46:38,644:DEBUG:downloaders:downloaders.py:222:Finished miamaxxx-2022-11-29-18_36-miamaxxx-hSMDBwFB.mp4
2023-01-21 09:46:45,916:DEBUG:downloaders:downloaders.py:222:Finished miamaxxx-2022-11-29-18_12-miamaxxx-Di9NeaQ7.mp4
2023-01-21 09:48:11,793:DEBUG:downloaders:downloaders.py:222:Finished miamaxxx-2022-11-29-19_05-miamaxxx-HWUovo5l.mp4
2023-01-21 09:51:46,719:DEBUG:downloaders:downloaders.py:39:Retrying (1) https://media-files4.bunkr.ru/miamaxxx-2022-11-29-12_22-miamaxxx-lniK4jEX.mp4...
2023-01-21 09:53:12,719:DEBUG:downloaders:downloaders.py:39:Retrying (1) https://media-files8.bunkr.ru/miamaxxx-2022-11-30-11_54-miamaxxx-V6TOGOxA.mp4...
2023-01-21 09:56:47,719:DEBUG:downloaders:downloaders.py:39:Retrying (1) https://media-files10.bunkr.ru/miamaxxx_2022-09-29-10_15-jsGbvbwS.mp4...
2023-01-21 09:57:19,868:DEBUG:downloaders:downloaders.py:222:Finished miamaxxx-2022-12-05-12_31-miamaxxx.mp4_000-1GM9litU.mp4
2023-01-21 09:58:13,718:DEBUG:downloaders:downloaders.py:39:Retrying (1) https://media-files9.bunkr.ru/miamaxxx-2022-12-01-12_02-miamaxxx-fKQo4dca.mp4...
2023-01-21 09:58:57,357:DEBUG:downloaders:downloaders.py:222:Finished miamaxxx-2022-11-17-11_47-miamaxxx-XCx9Gb8y.mp4
2023-01-21 10:00:31,811:DEBUG:downloaders:downloaders.py:222:Finished miamaxxx-2022-11-29-12_22-miamaxxx-lniK4jEX.mp4
2023-01-21 10:01:15,151:DEBUG:downloaders:downloaders.py:222:Finished miamaxxx-2022-11-30-11_54-miamaxxx-V6TOGOxA.mp4
2023-01-21 10:02:20,718:DEBUG:downloaders:downloaders.py:39:Retrying (2) https://media-files9.bunkr.ru/miamaxxx-2022-12-06-12_18-miamaxxx-U5IsFrHV.mp4...
2023-01-21 10:03:53,711:DEBUG:downloaders:downloaders.py:222:Finished miamaxxx_2022-09-29-10_15-jsGbvbwS.mp4
2023-01-21 10:04:01,215:DEBUG:downloaders:downloaders.py:222:Finished miamaxxx-2022-12-06-12_18-miamaxxx-U5IsFrHV.mp4
2023-01-21 10:05:10,349:DEBUG:downloaders:downloaders.py:222:Finished miamaxxx-2022-12-01-12_02-miamaxxx-fKQo4dca.mp4
2023-01-21 10:05:10,353:DEBUG:downloaders:downloaders.py:315:Working on https://media-files8.bunkr.ru/slemgem-2022-12-07-13_47-slemgem.mp4_000-k8gJ5dNt.mp4
2023-01-21 10:05:10,354:DEBUG:downloaders:downloaders.py:315:Working on https://media-files8.bunkr.ru/slemgem-2022-12-04-11_27-slemgem-WhRXpuoI.mp4
2023-01-21 10:05:10,354:DEBUG:downloaders:downloaders.py:315:Working on https://media-files4.bunkr.ru/slemgem-2022-11-13-11_30-slemgem-Ait4Q5ze.mp4
2023-01-21 10:05:10,354:DEBUG:downloaders:downloaders.py:315:Working on https://media-files8.bunkr.ru/slemgem-2022-12-07-15_37-slemgem-AzSAZcjY.mp4
2023-01-21 10:05:10,354:DEBUG:downloaders:downloaders.py:315:Working on https://media-files9.bunkr.ru/slemgem-2022-12-03-16_15-slemgem.mp4_000-lMP0eDEo.mp4
2023-01-21 10:05:10,354:DEBUG:downloaders:downloaders.py:315:Working on https://media-files9.bunkr.ru/slemgem-2022-11-16-11_35-slemgem-FLPZ9fzv.mp4
2023-01-21 10:05:10,354:DEBUG:downloaders:downloaders.py:315:Working on https://media-files9.bunkr.ru/slemgem-2022-11-20-13_48-slemgem-m70GWzvK.mp4
2023-01-21 10:05:10,355:DEBUG:downloaders:downloaders.py:315:Working on https://media-files9.bunkr.ru/slemgem-2022-11-16-12_02-slemgem.mp4_000-1YMb40sc.mp4
2023-01-21 10:05:10,355:DEBUG:downloaders:downloaders.py:315:Working on https://media-files9.bunkr.ru/slemgem-2022-11-12-12_28-slemgem-9pWv9hZq.mp4
2023-01-21 10:05:10,355:DEBUG:downloaders:downloaders.py:315:Working on https://media-files10.bunkr.ru/slemgem-2022-12-03-12_33-slemgem.mp4_001-ChtQCnzF.mp4
2023-01-21 10:05:10,355:DEBUG:downloaders:downloaders.py:315:Working on https://media-files9.bunkr.ru/slemgem-2022-11-12-11_06-slemgem-ezvJ8FzT.mp4
2023-01-21 10:05:10,355:DEBUG:downloaders:downloaders.py:315:Working on https://media-files9.bunkr.ru/slemgem-2022-11-12-13_05-slemgem-6KujzRUd.mp4
2023-01-21 10:05:10,355:DEBUG:downloaders:downloaders.py:315:Working on https://media-files4.bunkr.ru/slemgem-2022-11-13-11_32-slemgem-vfecGHEk.mp4
2023-01-21 10:05:10,355:DEBUG:downloaders:downloaders.py:315:Working on https://media-files9.bunkr.ru/slemgem-2022-11-16-13_42-slemgem.mp4_001-OnU1wJn2.mp4
2023-01-21 10:05:10,355:DEBUG:downloaders:downloaders.py:315:Working on https://media-files9.bunkr.ru/slemgem-2022-11-12-10_18-slemgem-s4oco7zn.mp4
2023-01-21 10:05:10,356:DEBUG:downloaders:downloaders.py:315:Working on https://media-files8.bunkr.ru/slemgem-2022-12-04-10_21-slemgem-2vYDcmAV.mp4
2023-01-21 10:05:10,356:DEBUG:downloaders:downloaders.py:315:Working on https://media-files8.bunkr.ru/slemgem-2022-12-06-16_55-slemgem-ynkq6UYR.mp4
2023-01-21 10:05:10,356:DEBUG:downloaders:downloaders.py:315:Working on https://media-files9.bunkr.ru/slemgem-2022-12-03-14_52-slemgem.mp4_001-6n3qAtFK.mp4
2023-01-21 10:05:10,356:DEBUG:downloaders:downloaders.py:315:Working on https://media-files8.bunkr.ru/slemgem-2022-12-06-16_17-slemgem-S8buy9Qc.mp4
2023-01-21 10:05:10,357:DEBUG:downloaders:downloaders.py:315:Working on https://media-files4.bunkr.ru/slemgem-2022-11-13-07_31-slemgem.mp4_001-RaDQBLlC.mp4
2023-01-21 10:05:10,357:DEBUG:downloaders:downloaders.py:315:Working on https://media-files8.bunkr.ru/slemgem-2022-12-04-09_21-slemgem-UHVLMgB2.mp4
2023-01-21 10:05:10,357:DEBUG:downloaders:downloaders.py:315:Working on https://media-files10.bunkr.ru/slemgem-2022-12-06-13_18-slemgem-UFZTgMzV.mp4
2023-01-21 10:05:10,357:DEBUG:downloaders:downloaders.py:315:Working on https://media-files4.bunkr.ru/slemgem-2022-11-13-10_42-slemgem-CI0GJaRQ.mp4
2023-01-21 10:05:10,357:DEBUG:downloaders:downloaders.py:315:Working on https://media-files8.bunkr.ru/slemgem-2022-12-04-15_09-slemgem-V560k8ep.mp4
2023-01-21 10:05:10,357:DEBUG:downloaders:downloaders.py:315:Working on https://media-files8.bunkr.ru/slemgem-2022-12-07-13_47-slemgem.mp4_001-8dXDKa9d.mp4
2023-01-21 10:05:10,357:DEBUG:downloaders:downloaders.py:315:Working on https://media-files4.bunkr.ru/slemgem-2022-11-06-10_17-slemgem-2tmN4wHa.mp4
2023-01-21 10:05:10,357:DEBUG:downloaders:downloaders.py:315:Working on https://media-files10.bunkr.ru/slemgem-2022-12-06-15_00-slemgem-1a9ySmo2.mp4
2023-01-21 10:05:10,357:DEBUG:downloaders:downloaders.py:315:Working on https://media-files4.bunkr.ru/slemgem-2022-11-13-11_40-slemgem-FhiceyVs.mp4
2023-01-21 10:05:10,358:DEBUG:downloaders:downloaders.py:315:Working on https://media-files4.bunkr.ru/slemgem-2022-11-06-05_03-slemgem-5Poyi2kF.mp4
2023-01-21 10:05:10,358:DEBUG:downloaders:downloaders.py:315:Working on https://media-files8.bunkr.ru/slemgem-2022-12-04-13_49-slemgem-mHhYKvi1.mp4
2023-01-21 10:05:10,358:DEBUG:downloaders:downloaders.py:315:Working on https://media-files4.bunkr.ru/slemgem-2022-11-06-06_13-slemgem-7m5JS5RX.mp4
2023-01-21 10:05:10,358:DEBUG:downloaders:downloaders.py:315:Working on https://media-files4.bunkr.ru/slemgem-2022-11-06-09_42-slemgem-AHrkvMMj.mp4
2023-01-21 10:05:10,358:DEBUG:downloaders:downloaders.py:315:Working on https://media-files9.bunkr.ru/slemgem-2022-12-03-14_52-slemgem.mp4_000-ba5wAm98.mp4
2023-01-21 10:05:10,358:DEBUG:downloaders:downloaders.py:315:Working on https://media-files4.bunkr.ru/slemgem-2022-11-13-07_31-slemgem.mp4_000-ueAgtLXI.mp4
2023-01-21 10:05:10,358:DEBUG:downloaders:downloaders.py:315:Working on https://media-files4.bunkr.ru/slemgem-2022-11-13-11_31-slemgem-BZs2lbLb.mp4
2023-01-21 10:05:10,358:DEBUG:downloaders:downloaders.py:315:Working on https://media-files4.bunkr.ru/slemgem-2022-11-06-11_13-slemgem-62fEN01P.mp4
2023-01-21 10:05:10,358:DEBUG:downloaders:downloaders.py:315:Working on https://media-files10.bunkr.ru/slemgem-2022-11-08-09_18-slemgem-BwSigc3k.mp4
2023-01-21 10:05:10,358:DEBUG:downloaders:downloaders.py:315:Working on https://media-files4.bunkr.ru/slemgem-2022-11-06-10_13-slemgem-QQ4LT2PG.mp4
2023-01-21 10:05:10,359:DEBUG:downloaders:downloaders.py:315:Working on https://media-files4.bunkr.ru/slemgem-2022-11-13-10_21-slemgem-gkjKtxTy.mp4
2023-01-21 10:05:10,359:DEBUG:downloaders:downloaders.py:315:Working on https://media-files4.bunkr.ru/slemgem-2022-11-13-06_15-slemgem-jCWM6lWm.mp4
2023-01-21 10:05:10,359:DEBUG:downloaders:downloaders.py:315:Working on https://media-files10.bunkr.ru/slemgem-2022-11-08-09_48-slemgem-HThMMGbI.mp4
2023-01-21 10:05:10,359:DEBUG:downloaders:downloaders.py:315:Working on https://media-files9.bunkr.ru/slemgem-2022-11-16-13_42-slemgem.mp4_000-pwQ4UbDz.mp4
2023-01-21 10:05:10,359:DEBUG:downloaders:downloaders.py:315:Working on https://media-files4.bunkr.ru/slemgem-2022-11-13-09_42-slemgem-6sGbc52x.mp4
2023-01-21 10:05:10,359:DEBUG:downloaders:downloaders.py:315:Working on https://media-files4.bunkr.ru/slemgem-2022-11-13-11_56-slemgem-GwLYzbfp.mp4
2023-01-21 10:05:10,359:DEBUG:downloaders:downloaders.py:315:Working on https://media-files4.bunkr.ru/slemgem-2022-11-13-11_20-slemgem-Ql99kB1W.mp4
2023-01-21 10:05:10,359:DEBUG:downloaders:downloaders.py:315:Working on https://media-files4.bunkr.ru/slemgem-2022-11-06-05_01-slemgem-pliK3EQp.mp4
2023-01-21 10:05:10,359:DEBUG:downloaders:downloaders.py:315:Working on https://media-files4.bunkr.ru/slemgem-2022-11-06-07_43-slemgem_000-behx3OCz.mp4
2023-01-21 10:05:10,359:DEBUG:downloaders:downloaders.py:315:Working on https://media-files10.bunkr.ru/slemgem-2022-10-30-06_01-slemgem-7Dw4oetG.mp4
2023-01-21 10:05:10,359:DEBUG:downloaders:downloaders.py:315:Working on https://media-files10.bunkr.ru/slemgem-2022-10-30-05_41-slemgem-1owu52qj.mp4
2023-01-21 10:05:10,360:DEBUG:downloaders:downloaders.py:315:Working on https://media-files4.bunkr.ru/slemgem-2022-11-13-09_49-slemgem-FahlfQvL.mp4
2023-01-21 10:05:10,360:DEBUG:downloaders:downloaders.py:315:Working on https://media-files10.bunkr.ru/slemgem-2022-10-30-06_09-slemgem_000-VLnoyvij.mp4
2023-01-21 10:05:10,360:DEBUG:downloaders:downloaders.py:315:Working on https://media-files9.bunkr.ru/slemgem-2022-11-08-10_45-slemgem-GwPen9Tp.mp4
2023-01-21 10:05:10,360:DEBUG:downloaders:downloaders.py:315:Working on https://media-files10.bunkr.ru/slemgem-2022-10-30-06_09-slemgem_001-wQ2xN6OQ.mp4
2023-01-21 10:05:10,360:DEBUG:downloaders:downloaders.py:315:Working on https://media-files9.bunkr.ru/slemgem-2022-11-08-12_22-slemgem-VzcFL939.mp4
2023-01-21 10:05:10,360:DEBUG:downloaders:downloaders.py:315:Working on https://media-files10.bunkr.ru/slemgem-2022-11-01-12_41-slemgem-TJAOZprB.mp4
2023-01-21 10:05:10,360:DEBUG:downloaders:downloaders.py:315:Working on https://media-files9.bunkr.ru/slemgem-2022-11-20-12_05-slemgem-NpsNI3e7.mp4
2023-01-21 10:05:10,360:DEBUG:downloaders:downloaders.py:315:Working on https://media-files10.bunkr.ru/slemgem-2022-11-01-12_49-slemgem-qxEKfgkM.mp4
2023-01-21 10:05:10,361:DEBUG:downloaders:downloaders.py:315:Working on https://media-files10.bunkr.ru/slemgem-2022-11-01-09_27-slemgem-1Qqm9onm.mp4
2023-01-21 10:05:10,361:DEBUG:downloaders:downloaders.py:315:Working on https://media-files4.bunkr.ru/slemgem-2022-11-13-10_23-slemgem-qpDgIzDB.mp4
2023-01-21 10:05:10,361:DEBUG:downloaders:downloaders.py:315:Working on https://media-files10.bunkr.ru/slemgem-2022-11-01-13_33-slemgem-mPCJ3V7E.mp4
2023-01-21 10:05:10,361:DEBUG:downloaders:downloaders.py:315:Working on https://media-files10.bunkr.ru/slemgem-2022-12-06-13_54-slemgem-UYxbfTIE.mp4
2023-01-21 10:05:10,361:DEBUG:downloaders:downloaders.py:315:Working on https://media-files10.bunkr.ru/slemgem-2022-11-01-14_07-slemgem-8zJa44VX.mp4
2023-01-21 10:05:10,361:DEBUG:downloaders:downloaders.py:315:Working on https://media-files4.bunkr.ru/slemgem-2022-11-05-09_07-slemgem_001-9mYAGg09.mp4
2023-01-21 10:05:10,361:DEBUG:downloaders:downloaders.py:315:Working on https://media-files10.bunkr.ru/slemgem-2022-11-01-14_45-slemgem-HYAx51Y8.mp4
2023-01-21 10:05:10,362:DEBUG:downloaders:downloaders.py:315:Working on https://media-files10.bunkr.ru/slemgem-2022-12-03-12_33-slemgem.mp4_000-TTScEbPb.mp4
2023-01-21 10:05:10,362:DEBUG:downloaders:downloaders.py:315:Working on https://media-files10.bunkr.ru/slemgem-2022-11-02-11_28-slemgem-KIZr9gQ4.mp4
2023-01-21 10:05:10,362:DEBUG:downloaders:downloaders.py:315:Working on https://media-files10.bunkr.ru/slemgem-2022-11-02-12_33-slemgem-6j1uu1Og.mp4
2023-01-21 10:05:10,362:DEBUG:downloaders:downloaders.py:315:Working on https://media-files8.bunkr.ru/slemgem-2022-12-06-16_42-slemgem-hKNCdamj.mp4
2023-01-21 10:05:10,362:DEBUG:downloaders:downloaders.py:315:Working on https://media-files8.bunkr.ru/slemgem-2022-05-31-162655-Cloudb-dRNkCfhg.mp4
2023-01-21 10:05:10,362:DEBUG:downloaders:downloaders.py:315:Working on https://media-files4.bunkr.ru/slemgem-2022-11-06-11_36-slemgem-lDcNWEAu.mp4
2023-01-21 10:05:10,362:DEBUG:downloaders:downloaders.py:315:Working on https://media-files8.bunkr.ru/slemgem-2022-06-01-182625-Cloudb-myOnhT11.mp4
2023-01-21 10:05:10,362:DEBUG:downloaders:downloaders.py:315:Working on https://media-files9.bunkr.ru/slemgem-2022-11-12-09_18-slemgem-FO0lYvAJ.mp4
2023-01-21 10:05:10,363:DEBUG:downloaders:downloaders.py:315:Working on https://media-files8.bunkr.ru/slemgem-2022-05-25-162914-Cloudb-VUW6wMgo.mp4
2023-01-21 10:05:10,363:DEBUG:downloaders:downloaders.py:315:Working on https://media-files9.bunkr.ru/slemgem-2022-11-08-11_13-slemgem-PtEyAFeK.mp4
2023-01-21 10:05:10,363:DEBUG:downloaders:downloaders.py:315:Working on https://media-files10.bunkr.ru/slemgem-2022-11-05-06_24-slemgem_000-h3M8ZF0z.mp4
2023-01-21 10:05:10,363:DEBUG:downloaders:downloaders.py:315:Working on https://media-files9.bunkr.ru/slemgem-2022-11-12-13_48-slemgem-cxtTmhur.mp4
2023-01-21 10:05:10,363:DEBUG:downloaders:downloaders.py:315:Working on https://media-files10.bunkr.ru/slemgem-2022-11-05-06_24-slemgem_001-KNvAPm3G.mp4
2023-01-21 10:05:10,363:DEBUG:downloaders:downloaders.py:315:Working on https://media-files10.bunkr.ru/slemgem-2022-11-05-07_24-slemgem-mH5iM0tV.mp4
2023-01-21 10:05:10,364:DEBUG:downloaders:downloaders.py:315:Working on https://media-files9.bunkr.ru/slemgem-2022-11-12-06_55-slemgem.mp4_000-ZeCGyeaN.mp4
2023-01-21 10:05:10,364:DEBUG:downloaders:downloaders.py:315:Working on https://media-files4.bunkr.ru/slemgem-2022-11-05-07_59-slemgem-lmxXoQ18.mp4
2023-01-21 10:05:10,364:DEBUG:downloaders:downloaders.py:315:Working on https://media-files9.bunkr.ru/slemgem-2022-11-12-06_55-slemgem.mp4_001-8mF1d5mv.mp4
2023-01-21 10:05:10,364:DEBUG:downloaders:downloaders.py:315:Working on https://media-files4.bunkr.ru/slemgem-2022-11-05-09_07-slemgem_000-ojokVRzo.mp4
2023-01-21 10:05:10,364:DEBUG:downloaders:downloaders.py:315:Working on https://media-files9.bunkr.ru/slemgem-2022-11-16-12_02-slemgem.mp4_001-NZ0IIVTl.mp4
2023-01-21 10:05:10,364:DEBUG:downloaders:downloaders.py:315:Working on https://media-files10.bunkr.ru/slemgem-2022-12-06-12_37-slemgem-nZWCekYk.mp4
2023-01-21 10:05:10,364:DEBUG:downloaders:downloaders.py:315:Working on https://media-files9.bunkr.ru/slemgem-2022-12-03-16_15-slemgem.mp4_001-GkfklTZc.mp4
2023-01-21 10:05:10,365:DEBUG:downloaders:downloaders.py:315:Working on https://media-files9.bunkr.ru/slemgem-2022-11-12-05_44-slemgem-ncgDBkwz.mp4
2023-01-21 10:05:10,365:DEBUG:downloaders:downloaders.py:315:Working on https://media-files4.bunkr.ru/slemgem-2022-11-06-06_59-slemgem-Ld1Mmwwr.mp4
2023-01-21 10:05:10,365:DEBUG:downloaders:downloaders.py:315:Working on https://media-files4.bunkr.ru/slemgem-2022-11-06-07_43-slemgem_001-oA5yAvEZ.mp4
2023-01-21 10:05:10,365:DEBUG:downloaders:downloaders.py:315:Working on https://media-files4.bunkr.ru/slemgem-2022-11-06-10_24-slemgem-4EtTM1jL.mp4
2023-01-21 10:10:10,719:DEBUG:downloaders:downloaders.py:39:Retrying (0) https://media-files8.bunkr.ru/slemgem-2022-12-07-13_47-slemgem.mp4_000-k8gJ5dNt.mp4...
2023-01-21 10:10:11,718:DEBUG:downloaders:downloaders.py:39:Retrying (0) https://media-files8.bunkr.ru/slemgem-2022-12-04-11_27-slemgem-WhRXpuoI.mp4...
2023-01-21 10:10:12,995:DEBUG:downloaders:downloaders.py:222:Finished slemgem-2022-11-13-11_30-slemgem-Ait4Q5ze.mp4
2023-01-21 10:15:12,719:DEBUG:downloaders:downloaders.py:39:Retrying (0) https://media-files8.bunkr.ru/slemgem-2022-12-07-15_37-slemgem-AzSAZcjY.mp4...
2023-01-21 10:15:13,719:DEBUG:downloaders:downloaders.py:39:Retrying (0) https://media-files9.bunkr.ru/slemgem-2022-12-03-16_15-slemgem.mp4_000-lMP0eDEo.mp4...
2023-01-21 10:16:52,811:DEBUG:downloaders:downloaders.py:222:Finished slemgem-2022-11-16-11_35-slemgem-FLPZ9fzv.mp4
2023-01-21 10:18:47,976:DEBUG:downloaders:downloaders.py:222:Finished slemgem-2022-11-20-13_48-slemgem-m70GWzvK.mp4
2023-01-21 10:21:53,719:DEBUG:downloaders:downloaders.py:39:Retrying (0) https://media-files9.bunkr.ru/slemgem-2022-11-16-12_02-slemgem.mp4_000-1YMb40sc.mp4...
2023-01-21 10:22:07,173:DEBUG:downloaders:downloaders.py:222:Finished slemgem-2022-11-12-12_28-slemgem-9pWv9hZq.mp4
2023-01-21 10:26:54,718:DEBUG:downloaders:downloaders.py:39:Retrying (0) https://media-files10.bunkr.ru/slemgem-2022-12-03-12_33-slemgem.mp4_001-ChtQCnzF.mp4...
2023-01-21 10:27:07,719:DEBUG:downloaders:downloaders.py:39:Retrying (0) https://media-files9.bunkr.ru/slemgem-2022-11-12-11_06-slemgem-ezvJ8FzT.mp4...
2023-01-21 10:29:16,871:DEBUG:downloaders:downloaders.py:222:Finished slemgem-2022-11-12-13_05-slemgem-6KujzRUd.mp4
2023-01-21 10:30:10,798:DEBUG:downloaders:downloaders.py:222:Finished slemgem-2022-11-13-11_32-slemgem-vfecGHEk.mp4
2023-01-21 10:34:17,718:DEBUG:downloaders:downloaders.py:39:Retrying (0) https://media-files9.bunkr.ru/slemgem-2022-11-16-13_42-slemgem.mp4_001-OnU1wJn2.mp4...
2023-01-21 10:35:11,719:DEBUG:downloaders:downloaders.py:39:Retrying (0) https://media-files9.bunkr.ru/slemgem-2022-11-12-10_18-slemgem-s4oco7zn.mp4...
2023-01-21 10:39:18,719:DEBUG:downloaders:downloaders.py:39:Retrying (0) https://media-files8.bunkr.ru/slemgem-2022-12-04-10_21-slemgem-2vYDcmAV.mp4...
2023-01-21 10:39:43,954:DEBUG:downloaders:downloaders.py:222:Finished slemgem-2022-12-06-16_55-slemgem-ynkq6UYR.mp4
2023-01-21 10:41:44,899:DEBUG:downloaders:downloaders.py:222:Finished slemgem-2022-12-06-16_17-slemgem-S8buy9Qc.mp4
2023-01-21 10:43:25,192:DEBUG:downloaders:downloaders.py:222:Finished slemgem-2022-12-03-14_52-slemgem.mp4_001-6n3qAtFK.mp4
2023-01-21 10:46:45,719:DEBUG:downloaders:downloaders.py:39:Retrying (0) https://media-files4.bunkr.ru/slemgem-2022-11-13-07_31-slemgem.mp4_001-RaDQBLlC.mp4...
2023-01-21 10:48:25,720:DEBUG:downloaders:downloaders.py:39:Retrying (0) https://media-files8.bunkr.ru/slemgem-2022-12-04-09_21-slemgem-UHVLMgB2.mp4...
2023-01-21 10:48:30,817:DEBUG:downloaders:downloaders.py:222:Finished slemgem-2022-12-06-13_18-slemgem-UFZTgMzV.mp4
2023-01-21 10:49:55,049:DEBUG:sql_helper:sql_helper.py:133:Successfully closed sqlite database connection
